
##########OpenSoftware##########
time: 20170416211833
=====WriteStart   20170416212214
FileNumber: 0061
=====WriteStop   20170416212236
=====WriteStart   20170416212405
FileNumber: 0062
=====WriteStop   20170416212436
=====WriteStart   20170416212618
FileNumber: 0063
=====WriteStop   20170416212630
=====WriteStart   20170416212810
FileNumber: 0064
=====WriteStop   20170416212902
=====WriteStart   20170416213127
FileNumber: 0065
=====WriteStop   20170416213145
time: 20170416213425
##########CloseSoftware##########


##########OpenSoftware##########
time: 20170417121153
time: 20170417121307
##########CloseSoftware##########


##########OpenSoftware##########
time: 20170417124422
time: 20170417125815
##########CloseSoftware##########


##########OpenSoftware##########
time: 20170417125846
time: 20170417131132
##########CloseSoftware##########


##########OpenSoftware##########
time: 20170417131137
time: 20170417132209
##########CloseSoftware##########


##########OpenSoftware##########
time: 20170417132214
time: 20170417133005
##########CloseSoftware##########


##########OpenSoftware##########
time: 20170417133026
time: 20170417141002
##########CloseSoftware##########


##########OpenSoftware##########
time: 20170417142038

##########OpenSoftware##########
time: 20170417142733
time: 20170417142856
##########CloseSoftware##########


##########OpenSoftware##########
time: 20170417143225
time: 20170417143817
##########CloseSoftware##########


##########OpenSoftware##########
time: 20170417143827
time: 20170417144110
##########CloseSoftware##########


##########OpenSoftware##########
time: 20170417144232
time: 20170417144544
##########CloseSoftware##########


##########OpenSoftware##########
time: 20170417144659
time: 20170417144748
##########CloseSoftware##########


##########OpenSoftware##########
time: 20170417144801
time: 20170417145146
##########CloseSoftware##########


##########OpenSoftware##########
time: 20170417145155
time: 20170417145317
##########CloseSoftware##########


##########OpenSoftware##########
time: 20170417150451
time: 20170417150632
##########CloseSoftware##########


##########OpenSoftware##########
time: 20170417150636
time: 20170417151013
##########CloseSoftware##########


##########OpenSoftware##########
time: 20170417151111
time: 20170417152424
##########CloseSoftware##########


##########OpenSoftware##########
time: 20170417152432
time: 20170417152707
##########CloseSoftware##########


##########OpenSoftware##########
time: 20170417152925
time: 20170417153036
##########CloseSoftware##########


##########OpenSoftware##########
time: 20170417153306
time: 20170417154545
##########CloseSoftware##########
